<?xml version="1.0" encoding="UTF-8"?>
<testsuite name="telran_phonebook.apiTests.RestAssuredTest" tests="1" skipped="0" failures="0" errors="0" timestamp="2022-09-20T07:54:18" hostname="LAPTOP-7JRM91AM" time="2.034">
  <properties/>
  <testcase name="getAllContactsPositiveTest" classname="telran_phonebook.apiTests.RestAssuredTest" time="2.034"/>
  <system-out><![CDATA[6974***John***
=============================================
6626***Drako***
=============================================
6637***John***
=============================================
6638***Nevil***
=============================================
6639***Ron***
=============================================
6640***Germiona***
=============================================
6641***Drako***
=============================================
6642***Nevil***
=============================================
6643***John***
=============================================
6647***John***
=============================================
6649***Nevil***
=============================================
6650***Ron***
=============================================
6653***John***
=============================================
6654***John***
=============================================
6655***John***
=============================================
6656***Nevil***
=============================================
6657***Ron***
=============================================
6658***Germiona***
=============================================
6659***John***
=============================================
6660***Nevil***
=============================================
6661***Ron***
=============================================
6662***Germiona***
=============================================
6663***Drako***
=============================================
6664***Nevil***
=============================================
6665***Ron***
=============================================
6666***Germiona***
=============================================
6667***John***
=============================================
6668***Nevil***
=============================================
6669***Ron***
=============================================
6670***Germiona***
=============================================
6671***Drako***
=============================================
6672***Nevil***
=============================================
6673***Ron***
=============================================
6674***Germiona***
=============================================
6675***John***
=============================================
6790***John***
=============================================
6791***Nevil***
=============================================
6792***Ron***
=============================================
6793***Germiona***
=============================================
6794***Drako***
=============================================
6795***Nevil***
=============================================
6796***Ron***
=============================================
6797***Germiona***
=============================================
6798***John***
=============================================
6861***John***
=============================================
6862***Nevil***
=============================================
6863***Ron***
=============================================
6864***Germiona***
=============================================
6865***Drako***
=============================================
6866***Nevil***
=============================================
6867***Ron***
=============================================
6868***Germiona***
=============================================
6801***John***
=============================================
6802***John***
=============================================
6803***Nevil***
=============================================
6804***Ron***
=============================================
6805***Germiona***
=============================================
6806***Drako***
=============================================
6807***Nevil***
=============================================
6808***Ron***
=============================================
6809***Germiona***
=============================================
6810***John***
=============================================
6869***John***
=============================================
6870***John***
=============================================
6871***Nevil***
=============================================
6872***Ron***
=============================================
6873***Germiona***
=============================================
6874***Drako***
=============================================
6338***John1726***
=============================================
6875***Nevil***
=============================================
6876***Ron***
=============================================
6341***John***
=============================================
6877***Germiona***
=============================================
6878***John***
=============================================
6346***John***
=============================================
6351***John***
=============================================
6359***John2862***
=============================================
6360***John2960***
=============================================
6361***John***
=============================================
]]></system-out>
  <system-err><![CDATA[]]></system-err>
</testsuite>
