<?xml version="1.0" encoding="UTF-8"?>
<testsuite name="telran_phonebook.tests.CreateAccountTest" tests="1" skipped="0" failures="0" errors="0" timestamp="2022-09-14T09:56:39" hostname="LAPTOP-7JRM91AM" time="12.552">
  <properties/>
  <testcase name="createAccountNegativeTest" classname="telran_phonebook.tests.CreateAccountTest" time="12.552"/>
  <system-out><![CDATA[]]></system-out>
  <system-err><![CDATA[Starting ChromeDriver 104.0.5112.79 (3cf3e8c8a07d104b9e1260c910efb8f383285dc5-refs/branch-heads/5112@{#1307}) on port 62404
Only local connections are allowed.
Please see https://chromedriver.chromium.org/security-considerations for suggestions on keeping ChromeDriver safe.
ChromeDriver was started successfully.
[1663149388.021][WARNING]: This version of ChromeDriver has not been tested with Chrome version 105.
Sep. 14, 2022 11:56:28 VORM. org.openqa.selenium.remote.ProtocolHandshake createSession
INFORMATION: Detected dialect: W3C
]]></system-err>
</testsuite>
